-------------------------------------------------------------------------------
Test set: com.qeema.app.test.UserRestControllerTest
-------------------------------------------------------------------------------
Tests run: 4, Failures: 1, Errors: 0, Skipped: 0, Time elapsed: 45.668 s <<< FAILURE! - in com.qeema.app.test.UserRestControllerTest
getTotalNumberOfUsersAPITest  Time elapsed: 0.19 s  <<< FAILURE!
java.lang.AssertionError: JSON path "$.totalNoOfUsers" expected:<1> but was:<2>
	at com.qeema.app.test.UserRestControllerTest.getTotalNumberOfUsersAPITest(UserRestControllerTest.java:78)

